Using pre-set license
Built from '2020.3/staging' branch; Version is '2020.3.8f1 (507919d4fff5) revision 5273881'; Using compiler version '192528614'; Build Type 'Release'
OS: 'Windows 10 Home; OS build 19043.1052; Version 2009; 64bit' Language: 'en' Physical Memory: 15808 MB
BatchMode: 1, IsHumanControllingUs: 0, StartBugReporterOnCrash: 0, Is64bit: 1, IsPro: 0

 COMMAND LINE ARGUMENTS:
C:\Program Files\Unity\Hub\Editor\2020.3.8f1\Editor\Unity.exe
-adb2
-batchMode
-noUpm
-name
AssetImportWorker0
-projectPath
C:/Users/minec/Documents/GitHub/ArenaGame
-logFile
Logs/AssetImportWorker0.log
-srvPort
63813
Successfully changed project path to: C:/Users/minec/Documents/GitHub/ArenaGame
C:/Users/minec/Documents/GitHub/ArenaGame
Using Asset Import Pipeline V2.
Refreshing native plugins compatible for Editor in 71.31 ms, found 0 plugins.
Preloading 0 native plugins for Editor in 0.00 ms.
Initialize engine version: 2020.3.8f1 (507919d4fff5)
[Subsystems] Discovering subsystems at path C:/Program Files/Unity/Hub/Editor/2020.3.8f1/Editor/Data/Resources/UnitySubsystems
[Subsystems] Discovering subsystems at path C:/Users/minec/Documents/GitHub/ArenaGame/Assets
GfxDevice: creating device client; threaded=0
[vulkan] LoadVulkanLibrary vulkan-1.dll[vulkan] Loaded instance function vkGetInstanceProcAddr
[vulkan] Loaded instance function vkGetInstanceProcAddr
[vulkan] Loaded instance function vkCreateInstance
[vulkan] Loaded instance function vkEnumerateInstanceExtensionProperties
[vulkan] Loaded instance function vkEnumerateInstanceLayerProperties
[vulkan] Loaded instance function vkEnumerateInstanceVersion
[Vulkan init] extensions: count=15
[Vulkan init] extensions: name=VK_KHR_device_group_creation, enabled=0
[Vulkan init] extensions: name=VK_KHR_display, enabled=1
[Vulkan init] extensions: name=VK_KHR_external_fence_capabilities, enabled=0
[Vulkan init] extensions: name=VK_KHR_external_memory_capabilities, enabled=0
[Vulkan init] extensions: name=VK_KHR_external_semaphore_capabilities, enabled=0
[Vulkan init] extensions: name=VK_KHR_get_display_properties2, enabled=0
[Vulkan init] extensions: name=VK_KHR_get_physical_device_properties2, enabled=1
[Vulkan init] extensions: name=VK_KHR_get_surface_capabilities2, enabled=0
[Vulkan init] extensions: name=VK_KHR_surface, enabled=1
[Vulkan init] extensions: name=VK_KHR_surface_protected_capabilities, enabled=0
[Vulkan init] extensions: name=VK_KHR_win32_surface, enabled=1
[Vulkan init] extensions: name=VK_EXT_debug_report, enabled=1
[Vulkan init] extensions: name=VK_EXT_debug_utils, enabled=0
[Vulkan init] extensions: name=VK_EXT_swapchain_colorspace, enabled=1
[Vulkan init] extensions: name=VK_NV_external_memory_capabilities, enabled=0
[vulkan] Loaded instance function vkDestroyInstance
[vulkan] Loaded instance function vkGetPhysicalDeviceProperties
[vulkan] Loaded instance function vkEnumeratePhysicalDevices
Vulkan detection: 0
GfxDevice: creating device client; threaded=0
Direct3D:
    Version:  Direct3D 11.0 [level 11.1]
    Renderer: NVIDIA GeForce GTX 1650 (ID=0x1f91)
    Vendor:   
    VRAM:     3962 MB
    Driver:   27.21.14.6611
Shader 'Universal Render Pipeline/Particles/Lit': fallback shader 'Universal Render Pipeline/Particles/SimpleLit' not found
Initialize mono
Mono path[0] = 'C:/Program Files/Unity/Hub/Editor/2020.3.8f1/Editor/Data/Managed'
Mono path[1] = 'C:/Program Files/Unity/Hub/Editor/2020.3.8f1/Editor/Data/MonoBleedingEdge/lib/mono/unityjit'
Mono config path = 'C:/Program Files/Unity/Hub/Editor/2020.3.8f1/Editor/Data/MonoBleedingEdge/etc'
Using monoOptions --debugger-agent=transport=dt_socket,embedding=1,server=y,suspend=n,address=127.0.0.1:56416
Begin MonoManager ReloadAssembly
Registering precompiled unity dll's ...
Register platform support module: C:/Program Files/Unity/Hub/Editor/2020.3.8f1/Editor/Data/PlaybackEngines/WindowsStandaloneSupport/UnityEditor.WindowsStandalone.Extensions.dll
Registered in 0.003254 seconds.
Native extension for WindowsStandalone target not found
Refreshing native plugins compatible for Editor in 72.91 ms, found 0 plugins.
Preloading 0 native plugins for Editor in 0.00 ms.
Mono: successfully reloaded assembly
- Completed reload, in  1.430 seconds
Platform modules already initialized, skipping
Registering precompiled user dll's ...
Registered in 0.002312 seconds.
Begin MonoManager ReloadAssembly
Native extension for WindowsStandalone target not found
Refreshing native plugins compatible for Editor in 68.92 ms, found 0 plugins.
Preloading 0 native plugins for Editor in 0.00 ms.
Mono: successfully reloaded assembly
- Completed reload, in  1.497 seconds
Platform modules already initialized, skipping
========================================================================
Worker process is ready to serve import requests
Shader 'Universal Render Pipeline/Particles/Lit': fallback shader 'Universal Render Pipeline/Particles/SimpleLit' not found
Launched and connected shader compiler UnityShaderCompiler.exe after 0.06 seconds
Refreshing native plugins compatible for Editor in 0.61 ms, found 0 plugins.
Preloading 0 native plugins for Editor in 0.00 ms.
Unloading 3034 Unused Serialized files (Serialized files now loaded: 0)
System memory in use before: 138.0 MB.
System memory in use after: 137.9 MB.

Unloading 22 unused Assets to reduce memory usage. Loaded Objects now: 3481.
Total: 4.382900 ms (FindLiveObjects: 0.399300 ms CreateObjectMapping: 0.114700 ms MarkObjects: 3.616500 ms  DeleteObjects: 0.250100 ms)

========================================================================
Received Import Request.
  path: Assets/Enemy/EnemyBullet.prefab
  artifactKey: Guid(5932859fefa0e4c42aecfb49651099a0) Importer(815301076,1909f56bfc062723c751e8b465ee728b)
Start importing Assets/Enemy/EnemyBullet.prefab using Guid(5932859fefa0e4c42aecfb49651099a0) Importer(815301076,1909f56bfc062723c751e8b465ee728b)  -> (artifact id: '81d74b8387ec452e74413b5b67877cc0') in 0.283041 seconds
  Import took 0.289529 seconds .

========================================================================
Received Import Request.
  Time since last request: 0.950606 seconds.
  path: Assets/Enemy/EnemyBullet.prefab
  artifactKey: Guid(5932859fefa0e4c42aecfb49651099a0) Importer(815301076,1909f56bfc062723c751e8b465ee728b)
Start importing Assets/Enemy/EnemyBullet.prefab using Guid(5932859fefa0e4c42aecfb49651099a0) Importer(815301076,1909f56bfc062723c751e8b465ee728b)  -> (artifact id: 'cb27c2e3da35783fafe97a8624c21f90') in 0.007675 seconds
  Import took 0.016353 seconds .

========================================================================
Received Import Request.
  Time since last request: 0.016702 seconds.
  path: Assets/Enemy/EnemyBullet.prefab
  artifactKey: Guid(5932859fefa0e4c42aecfb49651099a0) Importer(815301076,1909f56bfc062723c751e8b465ee728b)
Start importing Assets/Enemy/EnemyBullet.prefab using Guid(5932859fefa0e4c42aecfb49651099a0) Importer(815301076,1909f56bfc062723c751e8b465ee728b)  -> (artifact id: 'cb27c2e3da35783fafe97a8624c21f90') in 0.007265 seconds
  Import took 0.014208 seconds .

========================================================================
Received Import Request.
  Time since last request: 5.999330 seconds.
  path: Assets/Enemy/EnemyBullet.prefab
  artifactKey: Guid(5932859fefa0e4c42aecfb49651099a0) Importer(815301076,1909f56bfc062723c751e8b465ee728b)
Start importing Assets/Enemy/EnemyBullet.prefab using Guid(5932859fefa0e4c42aecfb49651099a0) Importer(815301076,1909f56bfc062723c751e8b465ee728b)  -> (artifact id: 'e4bc058301e970cabca5ac2c479b72a9') in 0.007646 seconds
  Import took 0.015198 seconds .

========================================================================
Received Import Request.
  Time since last request: 0.028249 seconds.
  path: Assets/Enemy/EnemyBullet.prefab
  artifactKey: Guid(5932859fefa0e4c42aecfb49651099a0) Importer(815301076,1909f56bfc062723c751e8b465ee728b)
Start importing Assets/Enemy/EnemyBullet.prefab using Guid(5932859fefa0e4c42aecfb49651099a0) Importer(815301076,1909f56bfc062723c751e8b465ee728b)  -> (artifact id: 'e4bc058301e970cabca5ac2c479b72a9') in 0.008414 seconds
  Import took 0.017185 seconds .

========================================================================
Received Import Request.
  Time since last request: 8.199647 seconds.
  path: Assets/Enemy/EnemyBullet.prefab
  artifactKey: Guid(5932859fefa0e4c42aecfb49651099a0) Importer(815301076,1909f56bfc062723c751e8b465ee728b)
Start importing Assets/Enemy/EnemyBullet.prefab using Guid(5932859fefa0e4c42aecfb49651099a0) Importer(815301076,1909f56bfc062723c751e8b465ee728b)  -> (artifact id: '41f56a692891430c2db615058ca9bfe1') in 0.007884 seconds
  Import took 0.016963 seconds .

========================================================================
Received Import Request.
  Time since last request: 0.033622 seconds.
  path: Assets/Enemy/EnemyBullet.prefab
  artifactKey: Guid(5932859fefa0e4c42aecfb49651099a0) Importer(815301076,1909f56bfc062723c751e8b465ee728b)
Start importing Assets/Enemy/EnemyBullet.prefab using Guid(5932859fefa0e4c42aecfb49651099a0) Importer(815301076,1909f56bfc062723c751e8b465ee728b)  -> (artifact id: '41f56a692891430c2db615058ca9bfe1') in 0.008285 seconds
  Import took 0.015696 seconds .

========================================================================
Received Import Request.
  Time since last request: 9.027289 seconds.
  path: Assets/Enemy/EnemyBullet.prefab
  artifactKey: Guid(5932859fefa0e4c42aecfb49651099a0) Importer(815301076,1909f56bfc062723c751e8b465ee728b)
Start importing Assets/Enemy/EnemyBullet.prefab using Guid(5932859fefa0e4c42aecfb49651099a0) Importer(815301076,1909f56bfc062723c751e8b465ee728b)  -> (artifact id: 'f4dd9983b9a90fe498880d5c5e63e81f') in 0.025790 seconds
  Import took 0.033192 seconds .

========================================================================
Received Import Request.
  Time since last request: 0.019417 seconds.
  path: Assets/Enemy/EnemyBullet.prefab
  artifactKey: Guid(5932859fefa0e4c42aecfb49651099a0) Importer(815301076,1909f56bfc062723c751e8b465ee728b)
Start importing Assets/Enemy/EnemyBullet.prefab using Guid(5932859fefa0e4c42aecfb49651099a0) Importer(815301076,1909f56bfc062723c751e8b465ee728b)  -> (artifact id: 'f4dd9983b9a90fe498880d5c5e63e81f') in 0.020951 seconds
  Import took 0.029731 seconds .

========================================================================
Received Prepare
Registering precompiled user dll's ...
Registered in 0.002410 seconds.
Begin MonoManager ReloadAssembly
Native extension for WindowsStandalone target not found
Refreshing native plugins compatible for Editor in 0.97 ms, found 0 plugins.
Preloading 0 native plugins for Editor in 0.00 ms.
Mono: successfully reloaded assembly
- Completed reload, in  2.446 seconds
Platform modules already initialized, skipping
Shader 'Universal Render Pipeline/Particles/Lit': fallback shader 'Universal Render Pipeline/Particles/SimpleLit' not found
Refreshing native plugins compatible for Editor in 1.40 ms, found 0 plugins.
Preloading 0 native plugins for Editor in 0.00 ms.
Unloading 2910 Unused Serialized files (Serialized files now loaded: 0)
System memory in use before: 134.9 MB.
System memory in use after: 135.0 MB.

Unloading 11 unused Assets to reduce memory usage. Loaded Objects now: 3530.
Total: 8.868300 ms (FindLiveObjects: 0.741400 ms CreateObjectMapping: 0.422400 ms MarkObjects: 7.191400 ms  DeleteObjects: 0.509100 ms)

========================================================================
Received Import Request.
  Time since last request: 40.351618 seconds.
  path: Assets/Enemy/EnemyBullet.prefab
  artifactKey: Guid(5932859fefa0e4c42aecfb49651099a0) Importer(815301076,1909f56bfc062723c751e8b465ee728b)
Start importing Assets/Enemy/EnemyBullet.prefab using Guid(5932859fefa0e4c42aecfb49651099a0) Importer(815301076,1909f56bfc062723c751e8b465ee728b)  -> (artifact id: 'e9fe220311773e901d375efb01cca084') in 0.265552 seconds
  Import took 0.273622 seconds .

========================================================================
Received Import Request.
  Time since last request: 0.017768 seconds.
  path: Assets/Enemy/EnemyBullet.prefab
  artifactKey: Guid(5932859fefa0e4c42aecfb49651099a0) Importer(815301076,1909f56bfc062723c751e8b465ee728b)
Start importing Assets/Enemy/EnemyBullet.prefab using Guid(5932859fefa0e4c42aecfb49651099a0) Importer(815301076,1909f56bfc062723c751e8b465ee728b)  -> (artifact id: 'e9fe220311773e901d375efb01cca084') in 0.014409 seconds
  Import took 0.021801 seconds .

========================================================================
Received Import Request.
  Time since last request: 7.514762 seconds.
  path: Assets/Enemy/EnemyBullet.prefab
  artifactKey: Guid(5932859fefa0e4c42aecfb49651099a0) Importer(815301076,1909f56bfc062723c751e8b465ee728b)
Start importing Assets/Enemy/EnemyBullet.prefab using Guid(5932859fefa0e4c42aecfb49651099a0) Importer(815301076,1909f56bfc062723c751e8b465ee728b)  -> (artifact id: 'e3f462a092bd833b8d7402aed16d9d6b') in 0.019160 seconds
  Import took 0.027832 seconds .

========================================================================
Received Import Request.
  Time since last request: 34.418679 seconds.
  path: Assets/Enemy/EnemyBullet.prefab
  artifactKey: Guid(5932859fefa0e4c42aecfb49651099a0) Importer(815301076,1909f56bfc062723c751e8b465ee728b)
Start importing Assets/Enemy/EnemyBullet.prefab using Guid(5932859fefa0e4c42aecfb49651099a0) Importer(815301076,1909f56bfc062723c751e8b465ee728b)  -> (artifact id: '4348fa82132329b623ff2fb5f407d28a') in 0.026677 seconds
  Import took 0.034902 seconds .

========================================================================
Received Import Request.
  Time since last request: 0.015129 seconds.
  path: Packages/com.unity.render-pipelines.universal/Runtime/Materials/Sprite-Lit-Default.mat
  artifactKey: Guid(a97c105638bdf8b4a8650670310a4cd3) Importer(815301076,1909f56bfc062723c751e8b465ee728b)
Start importing Packages/com.unity.render-pipelines.universal/Runtime/Materials/Sprite-Lit-Default.mat using Guid(a97c105638bdf8b4a8650670310a4cd3) Importer(815301076,1909f56bfc062723c751e8b465ee728b)  -> (artifact id: '5217d6c403560ee4e6c5b53c1f9bb1a6') in 0.058374 seconds
  Import took 0.067883 seconds .

========================================================================
Received Import Request.
  Time since last request: 29.152409 seconds.
  path: Assets/Enemy/EnemyBullet.prefab
  artifactKey: Guid(5932859fefa0e4c42aecfb49651099a0) Importer(815301076,1909f56bfc062723c751e8b465ee728b)
Start importing Assets/Enemy/EnemyBullet.prefab using Guid(5932859fefa0e4c42aecfb49651099a0) Importer(815301076,1909f56bfc062723c751e8b465ee728b)  -> (artifact id: 'd5bc95cce719be73937d380582327ec5') in 0.019411 seconds
  Import took 0.028939 seconds .

========================================================================
Received Import Request.
  Time since last request: 11.104720 seconds.
  path: Assets/Enemy/EnemyBullet.prefab
  artifactKey: Guid(5932859fefa0e4c42aecfb49651099a0) Importer(815301076,1909f56bfc062723c751e8b465ee728b)
Start importing Assets/Enemy/EnemyBullet.prefab using Guid(5932859fefa0e4c42aecfb49651099a0) Importer(815301076,1909f56bfc062723c751e8b465ee728b)  -> (artifact id: 'd2a2e358c162139dee352793a0de0ca7') in 0.019149 seconds
  Import took 0.028580 seconds .

========================================================================
Received Import Request.
  Time since last request: 11.314599 seconds.
  path: Assets/Enemy/EnemyBullet.prefab
  artifactKey: Guid(5932859fefa0e4c42aecfb49651099a0) Importer(815301076,1909f56bfc062723c751e8b465ee728b)
Start importing Assets/Enemy/EnemyBullet.prefab using Guid(5932859fefa0e4c42aecfb49651099a0) Importer(815301076,1909f56bfc062723c751e8b465ee728b)  -> (artifact id: 'adfb74295ebc1d816efed91525b5a4be') in 0.021514 seconds
  Import took 0.029379 seconds .

========================================================================
Received Import Request.
  Time since last request: 2.723498 seconds.
  path: Assets/Enemy/EnemyBullet.prefab
  artifactKey: Guid(5932859fefa0e4c42aecfb49651099a0) Importer(815301076,1909f56bfc062723c751e8b465ee728b)
Start importing Assets/Enemy/EnemyBullet.prefab using Guid(5932859fefa0e4c42aecfb49651099a0) Importer(815301076,1909f56bfc062723c751e8b465ee728b)  -> (artifact id: '17f44a41a4e3bdd2548398be38151f47') in 0.019358 seconds
  Import took 0.027471 seconds .

========================================================================
Received Import Request.
  Time since last request: 4.869963 seconds.
  path: Assets/Enemy/EnemyBullet.prefab
  artifactKey: Guid(5932859fefa0e4c42aecfb49651099a0) Importer(815301076,1909f56bfc062723c751e8b465ee728b)
Start importing Assets/Enemy/EnemyBullet.prefab using Guid(5932859fefa0e4c42aecfb49651099a0) Importer(815301076,1909f56bfc062723c751e8b465ee728b)  -> (artifact id: 'bd0ef8ddd2f2c828beaead4e37678541') in 0.020135 seconds
  Import took 0.028701 seconds .

========================================================================
Received Import Request.
  Time since last request: 3.827837 seconds.
  path: Assets/Enemy/EnemyBullet.prefab
  artifactKey: Guid(5932859fefa0e4c42aecfb49651099a0) Importer(815301076,1909f56bfc062723c751e8b465ee728b)
Start importing Assets/Enemy/EnemyBullet.prefab using Guid(5932859fefa0e4c42aecfb49651099a0) Importer(815301076,1909f56bfc062723c751e8b465ee728b)  -> (artifact id: '95bfd093e9ef837e8c2f2b7eb5171a08') in 0.019424 seconds
  Import took 0.028265 seconds .

========================================================================
Received Import Request.
  Time since last request: 8.682817 seconds.
  path: Assets/Enemy/EnemyBullet.prefab
  artifactKey: Guid(5932859fefa0e4c42aecfb49651099a0) Importer(815301076,1909f56bfc062723c751e8b465ee728b)
Start importing Assets/Enemy/EnemyBullet.prefab using Guid(5932859fefa0e4c42aecfb49651099a0) Importer(815301076,1909f56bfc062723c751e8b465ee728b)  -> (artifact id: 'c854cfa1ecc80e8376d238e8891b6c3f') in 0.022495 seconds
  Import took 0.031395 seconds .

========================================================================
Received Import Request.
  Time since last request: 3.417562 seconds.
  path: Assets/Enemy/EnemyBullet.prefab
  artifactKey: Guid(5932859fefa0e4c42aecfb49651099a0) Importer(815301076,1909f56bfc062723c751e8b465ee728b)
Start importing Assets/Enemy/EnemyBullet.prefab using Guid(5932859fefa0e4c42aecfb49651099a0) Importer(815301076,1909f56bfc062723c751e8b465ee728b)  -> (artifact id: '3556fecaf1de4d0d4e437133c94f3c53') in 0.019013 seconds
  Import took 0.027287 seconds .

========================================================================
Received Prepare
Registering precompiled user dll's ...
Registered in 0.002434 seconds.
Begin MonoManager ReloadAssembly
Native extension for WindowsStandalone target not found
Refreshing native plugins compatible for Editor in 0.64 ms, found 0 plugins.
Preloading 0 native plugins for Editor in 0.00 ms.
Mono: successfully reloaded assembly
- Completed reload, in  1.237 seconds
Platform modules already initialized, skipping
Shader 'Universal Render Pipeline/Particles/Lit': fallback shader 'Universal Render Pipeline/Particles/SimpleLit' not found
Refreshing native plugins compatible for Editor in 0.67 ms, found 0 plugins.
Preloading 0 native plugins for Editor in 0.00 ms.
Unloading 2910 Unused Serialized files (Serialized files now loaded: 0)
System memory in use before: 135.3 MB.
System memory in use after: 135.3 MB.

Unloading 11 unused Assets to reduce memory usage. Loaded Objects now: 3601.
Total: 3.562000 ms (FindLiveObjects: 0.392600 ms CreateObjectMapping: 0.108400 ms MarkObjects: 2.867500 ms  DeleteObjects: 0.191500 ms)

========================================================================
Received Import Request.
  Time since last request: 39.083161 seconds.
  path: Assets/Enemy/Particle 1.mat
  artifactKey: Guid(e72406accab2a7841b2755d91696eb2d) Importer(815301076,1909f56bfc062723c751e8b465ee728b)
Start importing Assets/Enemy/Particle 1.mat using Guid(e72406accab2a7841b2755d91696eb2d) Importer(815301076,1909f56bfc062723c751e8b465ee728b)  -> (artifact id: 'e64a431f344f8b6b882644cb0d36ebd8') in 0.243830 seconds
  Import took 0.250428 seconds .

========================================================================
Received Import Request.
  Time since last request: 56.404052 seconds.
  path: Assets/Enemy/EnemyBullet.prefab
  artifactKey: Guid(5932859fefa0e4c42aecfb49651099a0) Importer(815301076,1909f56bfc062723c751e8b465ee728b)
Start importing Assets/Enemy/EnemyBullet.prefab using Guid(5932859fefa0e4c42aecfb49651099a0) Importer(815301076,1909f56bfc062723c751e8b465ee728b)  -> (artifact id: 'ea9dfa764e368c256d1b761a62135f16') in 0.037342 seconds
  Import took 0.043982 seconds .

========================================================================
Received Import Request.
  Time since last request: 1.945063 seconds.
  path: Assets/Enemy/EnemyBullet.prefab
  artifactKey: Guid(5932859fefa0e4c42aecfb49651099a0) Importer(815301076,1909f56bfc062723c751e8b465ee728b)
Start importing Assets/Enemy/EnemyBullet.prefab using Guid(5932859fefa0e4c42aecfb49651099a0) Importer(815301076,1909f56bfc062723c751e8b465ee728b)  -> (artifact id: '49c89daa37432d91924d9f7e211748df') in 0.018313 seconds
  Import took 0.024429 seconds .

========================================================================
Received Import Request.
  Time since last request: 7.094604 seconds.
  path: Assets/Enemy/EnemyBullet.prefab
  artifactKey: Guid(5932859fefa0e4c42aecfb49651099a0) Importer(815301076,1909f56bfc062723c751e8b465ee728b)
Start importing Assets/Enemy/EnemyBullet.prefab using Guid(5932859fefa0e4c42aecfb49651099a0) Importer(815301076,1909f56bfc062723c751e8b465ee728b)  -> (artifact id: 'f8124d523da934293acac2905fe174c4') in 0.021810 seconds
  Import took 0.028914 seconds .

========================================================================
Received Import Request.
  Time since last request: 4.487338 seconds.
  path: Assets/Enemy/EnemyBullet.prefab
  artifactKey: Guid(5932859fefa0e4c42aecfb49651099a0) Importer(815301076,1909f56bfc062723c751e8b465ee728b)
Start importing Assets/Enemy/EnemyBullet.prefab using Guid(5932859fefa0e4c42aecfb49651099a0) Importer(815301076,1909f56bfc062723c751e8b465ee728b)  -> (artifact id: 'ee0339f39f06d6a67a5e0450e7563ba4') in 0.019717 seconds
  Import took 0.027002 seconds .

========================================================================
Received Prepare
Registering precompiled user dll's ...
Registered in 0.002678 seconds.
Begin MonoManager ReloadAssembly
Native extension for WindowsStandalone target not found
Refreshing native plugins compatible for Editor in 0.62 ms, found 0 plugins.
Preloading 0 native plugins for Editor in 0.00 ms.
Mono: successfully reloaded assembly
- Completed reload, in  1.338 seconds
Platform modules already initialized, skipping
Shader 'Universal Render Pipeline/Particles/Lit': fallback shader 'Universal Render Pipeline/Particles/SimpleLit' not found
Refreshing native plugins compatible for Editor in 0.59 ms, found 0 plugins.
Preloading 0 native plugins for Editor in 0.00 ms.
Unloading 2910 Unused Serialized files (Serialized files now loaded: 0)
System memory in use before: 135.5 MB.
System memory in use after: 135.5 MB.

Unloading 11 unused Assets to reduce memory usage. Loaded Objects now: 3640.
Total: 4.318000 ms (FindLiveObjects: 0.463800 ms CreateObjectMapping: 0.128400 ms MarkObjects: 3.498800 ms  DeleteObjects: 0.224400 ms)

========================================================================
Received Import Request.
  Time since last request: 47.166642 seconds.
  path: Assets/Enemy/EnemyBullet.prefab
  artifactKey: Guid(5932859fefa0e4c42aecfb49651099a0) Importer(815301076,1909f56bfc062723c751e8b465ee728b)
Start importing Assets/Enemy/EnemyBullet.prefab using Guid(5932859fefa0e4c42aecfb49651099a0) Importer(815301076,1909f56bfc062723c751e8b465ee728b)  -> (artifact id: '68a4e237725b06b8a2fc0790cc529d33') in 0.196354 seconds
  Import took 0.203126 seconds .

========================================================================
Received Prepare
Registering precompiled user dll's ...
Registered in 0.002791 seconds.
Begin MonoManager ReloadAssembly
Native extension for WindowsStandalone target not found
Refreshing native plugins compatible for Editor in 0.81 ms, found 0 plugins.
Preloading 0 native plugins for Editor in 0.00 ms.
Mono: successfully reloaded assembly
- Completed reload, in  1.746 seconds
Platform modules already initialized, skipping
Shader 'Universal Render Pipeline/Particles/Lit': fallback shader 'Universal Render Pipeline/Particles/SimpleLit' not found
Refreshing native plugins compatible for Editor in 0.90 ms, found 0 plugins.
Preloading 0 native plugins for Editor in 0.00 ms.
Unloading 2910 Unused Serialized files (Serialized files now loaded: 0)
System memory in use before: 135.6 MB.
System memory in use after: 135.6 MB.

Unloading 11 unused Assets to reduce memory usage. Loaded Objects now: 3679.
Total: 7.760200 ms (FindLiveObjects: 0.683100 ms CreateObjectMapping: 0.504500 ms MarkObjects: 6.190200 ms  DeleteObjects: 0.378000 ms)

========================================================================
Received Import Request.
  Time since last request: 9.621470 seconds.
  path: Assets/Enemy/EnemyBullet.prefab
  artifactKey: Guid(5932859fefa0e4c42aecfb49651099a0) Importer(815301076,1909f56bfc062723c751e8b465ee728b)
Start importing Assets/Enemy/EnemyBullet.prefab using Guid(5932859fefa0e4c42aecfb49651099a0) Importer(815301076,1909f56bfc062723c751e8b465ee728b)  -> (artifact id: '4d737abf3dddca639d36710a15ae6850') in 0.219720 seconds
  Import took 0.226901 seconds .

========================================================================
Received Import Request.
  Time since last request: 0.091099 seconds.
  path: Assets/Enemy/EnemyBullet.prefab
  artifactKey: Guid(5932859fefa0e4c42aecfb49651099a0) Importer(815301076,1909f56bfc062723c751e8b465ee728b)
Start importing Assets/Enemy/EnemyBullet.prefab using Guid(5932859fefa0e4c42aecfb49651099a0) Importer(815301076,1909f56bfc062723c751e8b465ee728b)  -> (artifact id: '4d737abf3dddca639d36710a15ae6850') in 0.015299 seconds
  Import took 0.021115 seconds .

========================================================================
Received Import Request.
  Time since last request: 15.112922 seconds.
  path: Assets/Enemy/Particle 1.mat
  artifactKey: Guid(e72406accab2a7841b2755d91696eb2d) Importer(815301076,1909f56bfc062723c751e8b465ee728b)
Start importing Assets/Enemy/Particle 1.mat using Guid(e72406accab2a7841b2755d91696eb2d) Importer(815301076,1909f56bfc062723c751e8b465ee728b)  -> (artifact id: 'f6677ef1568118fb8256cf7630268390') in 0.033982 seconds
  Import took 0.041043 seconds .

========================================================================
Received Import Request.
  Time since last request: 0.000250 seconds.
  path: Assets/Enemy/Particle 2.mat
  artifactKey: Guid(776c9ee2115e849429c3c06ffdc411d6) Importer(815301076,1909f56bfc062723c751e8b465ee728b)
Start importing Assets/Enemy/Particle 2.mat using Guid(776c9ee2115e849429c3c06ffdc411d6) Importer(815301076,1909f56bfc062723c751e8b465ee728b)  -> (artifact id: '643af5dbb6e89b1ae8e69279e2d6bfea') in 0.024693 seconds
  Import took 0.033696 seconds .

========================================================================
Received Prepare
Registering precompiled user dll's ...
Registered in 0.002039 seconds.
Begin MonoManager ReloadAssembly
Native extension for WindowsStandalone target not found
Refreshing native plugins compatible for Editor in 0.74 ms, found 0 plugins.
Preloading 0 native plugins for Editor in 0.00 ms.
Mono: successfully reloaded assembly
- Completed reload, in  1.218 seconds
Platform modules already initialized, skipping
Shader 'Universal Render Pipeline/Particles/Lit': fallback shader 'Universal Render Pipeline/Particles/SimpleLit' not found
Refreshing native plugins compatible for Editor in 0.59 ms, found 0 plugins.
Preloading 0 native plugins for Editor in 0.00 ms.
Unloading 2910 Unused Serialized files (Serialized files now loaded: 0)
System memory in use before: 135.7 MB.
System memory in use after: 135.7 MB.

Unloading 11 unused Assets to reduce memory usage. Loaded Objects now: 3718.
Total: 3.682300 ms (FindLiveObjects: 0.455400 ms CreateObjectMapping: 0.113800 ms MarkObjects: 2.913400 ms  DeleteObjects: 0.197900 ms)

========================================================================
Received Import Request.
  Time since last request: 35.748442 seconds.
  path: Assets/Enemy/EnemyBullet.prefab
  artifactKey: Guid(5932859fefa0e4c42aecfb49651099a0) Importer(815301076,1909f56bfc062723c751e8b465ee728b)
Start importing Assets/Enemy/EnemyBullet.prefab using Guid(5932859fefa0e4c42aecfb49651099a0) Importer(815301076,1909f56bfc062723c751e8b465ee728b)  -> (artifact id: 'cd5c1d5d6a174e3ddad3138c6e34f124') in 0.191553 seconds
  Import took 0.197685 seconds .

========================================================================
Received Import Request.
  Time since last request: 1.765677 seconds.
  path: Assets/Enemy/EnemyBullet.prefab
  artifactKey: Guid(5932859fefa0e4c42aecfb49651099a0) Importer(815301076,1909f56bfc062723c751e8b465ee728b)
Start importing Assets/Enemy/EnemyBullet.prefab using Guid(5932859fefa0e4c42aecfb49651099a0) Importer(815301076,1909f56bfc062723c751e8b465ee728b)  -> (artifact id: '24d3f595802b47bb791042c0869ee01b') in 0.020751 seconds
  Import took 0.026397 seconds .

========================================================================
Received Import Request.
  Time since last request: 20.638489 seconds.
  path: Assets/Enemy/EnemyBullet.prefab
  artifactKey: Guid(5932859fefa0e4c42aecfb49651099a0) Importer(815301076,1909f56bfc062723c751e8b465ee728b)
Start importing Assets/Enemy/EnemyBullet.prefab using Guid(5932859fefa0e4c42aecfb49651099a0) Importer(815301076,1909f56bfc062723c751e8b465ee728b)  -> (artifact id: '8b9b55b2f5a66d311bb901d612687bed') in 0.023305 seconds
  Import took 0.029763 seconds .

========================================================================
Received Import Request.
  Time since last request: 5.221592 seconds.
  path: Assets/Enemy/EnemyBullet.prefab
  artifactKey: Guid(5932859fefa0e4c42aecfb49651099a0) Importer(815301076,1909f56bfc062723c751e8b465ee728b)
Start importing Assets/Enemy/EnemyBullet.prefab using Guid(5932859fefa0e4c42aecfb49651099a0) Importer(815301076,1909f56bfc062723c751e8b465ee728b)  -> (artifact id: '6caefd6ef491e3caf4b1093a068bbe22') in 0.019151 seconds
  Import took 0.025744 seconds .

========================================================================
Received Import Request.
  Time since last request: 0.776292 seconds.
  path: Assets/Enemy/EnemyBullet.prefab
  artifactKey: Guid(5932859fefa0e4c42aecfb49651099a0) Importer(815301076,1909f56bfc062723c751e8b465ee728b)
Start importing Assets/Enemy/EnemyBullet.prefab using Guid(5932859fefa0e4c42aecfb49651099a0) Importer(815301076,1909f56bfc062723c751e8b465ee728b)  -> (artifact id: 'fad0c1d8eded448d2b9f37c7d6f5d3b6') in 0.022322 seconds
  Import took 0.028325 seconds .

========================================================================
Received Prepare
Registering precompiled user dll's ...
Registered in 0.002161 seconds.
Begin MonoManager ReloadAssembly
Native extension for WindowsStandalone target not found
Refreshing native plugins compatible for Editor in 0.64 ms, found 0 plugins.
Preloading 0 native plugins for Editor in 0.00 ms.
Mono: successfully reloaded assembly
- Completed reload, in  1.212 seconds
Platform modules already initialized, skipping
Shader 'Universal Render Pipeline/Particles/Lit': fallback shader 'Universal Render Pipeline/Particles/SimpleLit' not found
Refreshing native plugins compatible for Editor in 0.62 ms, found 0 plugins.
Preloading 0 native plugins for Editor in 0.00 ms.
Unloading 2910 Unused Serialized files (Serialized files now loaded: 0)
System memory in use before: 135.8 MB.
System memory in use after: 135.9 MB.

Unloading 11 unused Assets to reduce memory usage. Loaded Objects now: 3757.
Total: 3.793700 ms (FindLiveObjects: 0.419100 ms CreateObjectMapping: 0.100800 ms MarkObjects: 3.084400 ms  DeleteObjects: 0.187200 ms)

========================================================================
Received Import Request.
  Time since last request: 21.915174 seconds.
  path: Assets/Enemy/EnemyBullet.prefab
  artifactKey: Guid(5932859fefa0e4c42aecfb49651099a0) Importer(815301076,1909f56bfc062723c751e8b465ee728b)
Start importing Assets/Enemy/EnemyBullet.prefab using Guid(5932859fefa0e4c42aecfb49651099a0) Importer(815301076,1909f56bfc062723c751e8b465ee728b)  -> (artifact id: '325a4e17525b4a2880d0bd738510f4bc') in 0.200186 seconds
  Import took 0.206795 seconds .

========================================================================
Received Import Request.
  Time since last request: 0.569146 seconds.
  path: Assets/Enemy/EnemyBullet.prefab
  artifactKey: Guid(5932859fefa0e4c42aecfb49651099a0) Importer(815301076,1909f56bfc062723c751e8b465ee728b)
Start importing Assets/Enemy/EnemyBullet.prefab using Guid(5932859fefa0e4c42aecfb49651099a0) Importer(815301076,1909f56bfc062723c751e8b465ee728b)  -> (artifact id: '633f311de72ff175856d66365725f72b') in 0.024421 seconds
  Import took 0.030262 seconds .

========================================================================
Received Import Request.
  Time since last request: 3.804243 seconds.
  path: Assets/Enemy/EnemyBullet.prefab
  artifactKey: Guid(5932859fefa0e4c42aecfb49651099a0) Importer(815301076,1909f56bfc062723c751e8b465ee728b)
Start importing Assets/Enemy/EnemyBullet.prefab using Guid(5932859fefa0e4c42aecfb49651099a0) Importer(815301076,1909f56bfc062723c751e8b465ee728b)  -> (artifact id: 'af83117a8145524b6410d7066c50ac73') in 0.031551 seconds
  Import took 0.037526 seconds .

========================================================================
Received Prepare
Registering precompiled user dll's ...
Registered in 0.002137 seconds.
Begin MonoManager ReloadAssembly
Native extension for WindowsStandalone target not found
Refreshing native plugins compatible for Editor in 1.22 ms, found 0 plugins.
Preloading 0 native plugins for Editor in 0.00 ms.
Mono: successfully reloaded assembly
- Completed reload, in  1.227 seconds
Platform modules already initialized, skipping
Shader 'Universal Render Pipeline/Particles/Lit': fallback shader 'Universal Render Pipeline/Particles/SimpleLit' not found
Refreshing native plugins compatible for Editor in 0.59 ms, found 0 plugins.
Preloading 0 native plugins for Editor in 0.00 ms.
Unloading 2910 Unused Serialized files (Serialized files now loaded: 0)
System memory in use before: 136.0 MB.
System memory in use after: 136.0 MB.

Unloading 11 unused Assets to reduce memory usage. Loaded Objects now: 3796.
Total: 4.607700 ms (FindLiveObjects: 0.473800 ms CreateObjectMapping: 0.143300 ms MarkObjects: 3.758200 ms  DeleteObjects: 0.230300 ms)

========================================================================
Received Import Request.
  Time since last request: 16.516421 seconds.
  path: Assets/Enemy/EnemyBullet.prefab
  artifactKey: Guid(5932859fefa0e4c42aecfb49651099a0) Importer(815301076,1909f56bfc062723c751e8b465ee728b)
Start importing Assets/Enemy/EnemyBullet.prefab using Guid(5932859fefa0e4c42aecfb49651099a0) Importer(815301076,1909f56bfc062723c751e8b465ee728b)  -> (artifact id: '9dc3ebc7aa06457834c4d6550f6c6920') in 0.192725 seconds
  Import took 0.198707 seconds .

========================================================================
Received Prepare
Registering precompiled user dll's ...
Registered in 0.002068 seconds.
Begin MonoManager ReloadAssembly
Native extension for WindowsStandalone target not found
Refreshing native plugins compatible for Editor in 0.64 ms, found 0 plugins.
Preloading 0 native plugins for Editor in 0.00 ms.
Mono: successfully reloaded assembly
- Completed reload, in  1.215 seconds
Platform modules already initialized, skipping
Shader 'Universal Render Pipeline/Particles/Lit': fallback shader 'Universal Render Pipeline/Particles/SimpleLit' not found
Refreshing native plugins compatible for Editor in 0.62 ms, found 0 plugins.
Preloading 0 native plugins for Editor in 0.00 ms.
Unloading 2910 Unused Serialized files (Serialized files now loaded: 0)
System memory in use before: 136.1 MB.
System memory in use after: 136.1 MB.

Unloading 11 unused Assets to reduce memory usage. Loaded Objects now: 3835.
Total: 4.979500 ms (FindLiveObjects: 0.464200 ms CreateObjectMapping: 0.140000 ms MarkObjects: 4.143700 ms  DeleteObjects: 0.229500 ms)

========================================================================
Received Import Request.
  Time since last request: 14.263012 seconds.
  path: Assets/Enemy/EnemyBullet.prefab
  artifactKey: Guid(5932859fefa0e4c42aecfb49651099a0) Importer(815301076,1909f56bfc062723c751e8b465ee728b)
Start importing Assets/Enemy/EnemyBullet.prefab using Guid(5932859fefa0e4c42aecfb49651099a0) Importer(815301076,1909f56bfc062723c751e8b465ee728b)  -> (artifact id: '2911d2fe555ba58428da28ce5f45bce1') in 0.202292 seconds
  Import took 0.208162 seconds .

========================================================================
Received Prepare
Registering precompiled user dll's ...
Registered in 0.002781 seconds.
Begin MonoManager ReloadAssembly
Native extension for WindowsStandalone target not found
Refreshing native plugins compatible for Editor in 0.64 ms, found 0 plugins.
Preloading 0 native plugins for Editor in 0.00 ms.
Mono: successfully reloaded assembly
- Completed reload, in  1.198 seconds
Platform modules already initialized, skipping
Shader 'Universal Render Pipeline/Particles/Lit': fallback shader 'Universal Render Pipeline/Particles/SimpleLit' not found
Refreshing native plugins compatible for Editor in 0.61 ms, found 0 plugins.
Preloading 0 native plugins for Editor in 0.00 ms.
Unloading 2910 Unused Serialized files (Serialized files now loaded: 0)
System memory in use before: 136.2 MB.
System memory in use after: 136.2 MB.

Unloading 11 unused Assets to reduce memory usage. Loaded Objects now: 3874.
Total: 4.695100 ms (FindLiveObjects: 0.462300 ms CreateObjectMapping: 0.120600 ms MarkObjects: 3.875900 ms  DeleteObjects: 0.234000 ms)

AssetImportWorkerClient::OnTransportError - code=2 error=End of file
